<?xml version="1.0" encoding="UTF-8"?>
<!-- Generated by org.testng.reporters.JUnitXMLReporter -->
<testsuite ignored="1" hostname="DESKTOP-ALD0Q5L" failures="0" tests="2" name="Test" time="0.104" errors="0" timestamp="2023-08-16T13:19:53 IST">
  <testcase classname="com.practice.DeleteOrgTest" name="deleteOrgMultiple" time="0.02"/>
  <testcase classname="com.practice.createOrgTest" name="createOrg" time="0.011"/>
  <testcase classname="com.practice.DeleteOrgTest" name="deleteOrg" time="0.0">
    <ignored/>
  </testcase> <!-- deleteOrg -->
</testsuite> <!-- Test -->
